<?xml version="1.0" encoding="UTF-8"?>
<!-- Generated by org.testng.reporters.JUnitReportReporter -->
<testsuite hostname="DESKTOP-MO2DDLN" failures="0" tests="1" name="com.test.StandByRegistertest" time="20.546" errors="0" timestamp="2023-11-10T17:07:01 IST" skipped="0">
  <testcase classname="com.test.StandByRegistertest" name="log" time="20.546"/>
  <system-out/>
</testsuite> <!-- com.test.StandByRegistertest -->
