<?xml version="1.0" encoding="UTF-8"?>
<!-- Generated by org.testng.reporters.JUnitReportReporter -->
<testsuite hostname="DESKTOP-MO2DDLN" failures="0" tests="1" name="com.test.testcaselogin" time="4.977" errors="0" timestamp="2023-11-10T14:06:58 IST" skipped="0">
  <testcase classname="com.test.testcaselogin" name="log" time="4.977"/>
  <system-out/>
</testsuite> <!-- com.test.testcaselogin -->
