<?xml version="1.0" encoding="UTF-8"?>
<!-- Generated by org.testng.reporters.JUnitReportReporter -->
<testsuite hostname="DESKTOP-MO2DDLN" failures="0" tests="1" name="com.test.RKlogouttest$RKloguttest" time="8.591" errors="0" timestamp="2023-11-10T14:07:52 IST" skipped="0">
  <testcase classname="com.test.RKlogouttest$RKloguttest" name="log" time="8.591"/>
  <system-out/>
</testsuite> <!-- com.test.RKlogouttest$RKloguttest -->
